Thu, 23 Apr 2020 10:57:01-__main__-run_all_case.py-[line:19]-INFO-[日志信息]: 开始执行脚本
Thu, 23 Apr 2020 10:57:02-test_case.test_12306_find-test_12306_find.py-[line:33]-INFO-[日志信息]: statusCode返回正确------》 200
Thu, 23 Apr 2020 10:57:02-test_case.test_12306_find-test_12306_find.py-[line:33]-INFO-[日志信息]: statusCode返回正确------》 200
Thu, 23 Apr 2020 10:57:04-test_case.test_login-test_login.py-[line:35]-INFO-[日志信息]: statusCode返回正确------》 2
Thu, 23 Apr 2020 10:57:07-test_case.test_login-test_login.py-[line:62]-INFO-[日志信息]: statusCode返回正确，用户名错误无法登录逻辑正确------》 0
Thu, 23 Apr 2020 10:57:09-test_case.test_login-test_login.py-[line:89]-INFO-[日志信息]: statusCode返回正确，密码错误无法登录逻辑正确------》 0
Thu, 23 Apr 2020 10:57:12-test_case.test_login-test_login.py-[line:35]-INFO-[日志信息]: statusCode返回正确------》 2
Thu, 23 Apr 2020 10:57:14-test_case.test_login-test_login.py-[line:62]-INFO-[日志信息]: statusCode返回正确，用户名错误无法登录逻辑正确------》 0
Thu, 23 Apr 2020 10:57:17-test_case.test_login-test_login.py-[line:89]-INFO-[日志信息]: statusCode返回正确，密码错误无法登录逻辑正确------》 0
Thu, 23 Apr 2020 10:57:20-test_case.test_login-test_login.py-[line:35]-INFO-[日志信息]: statusCode返回正确------》 2
Thu, 23 Apr 2020 10:57:20-test_case.test_login_getVar-test_login_getVar.py-[line:60]-INFO-[日志信息]: statusCode返回正确------》 0
Thu, 23 Apr 2020 10:57:20-__main__-run_all_case.py-[line:22]-INFO-[日志信息]: 脚本执行完成
Thu, 23 Apr 2020 10:57:20-__main__-run_all_case.py-[line:28]-INFO-[日志信息]: 开始执行报告生成
Thu, 23 Apr 2020 10:57:26-__main__-run_all_case.py-[line:30]-INFO-[日志信息]: 报告生成完毕
Thu, 23 Apr 2020 11:42:07-__main__-run_all_case.py-[line:19]-INFO-[日志信息]: 开始执行脚本
Thu, 23 Apr 2020 11:42:08-test_case.test_12306_find-test_12306_find.py-[line:33]-INFO-[日志信息]: statusCode返回正确------》 200
Thu, 23 Apr 2020 11:42:08-test_case.test_12306_find-test_12306_find.py-[line:33]-INFO-[日志信息]: statusCode返回正确------》 200
Thu, 23 Apr 2020 11:42:11-test_case.test_login-test_login.py-[line:35]-INFO-[日志信息]: statusCode返回正确------》 2
Thu, 23 Apr 2020 11:42:13-test_case.test_login-test_login.py-[line:62]-INFO-[日志信息]: statusCode返回正确，用户名错误无法登录逻辑正确------》 0
Thu, 23 Apr 2020 11:42:15-test_case.test_login-test_login.py-[line:89]-INFO-[日志信息]: statusCode返回正确，密码错误无法登录逻辑正确------》 0
Thu, 23 Apr 2020 11:42:17-test_case.test_login-test_login.py-[line:35]-INFO-[日志信息]: statusCode返回正确------》 2
Thu, 23 Apr 2020 11:42:20-test_case.test_login-test_login.py-[line:62]-INFO-[日志信息]: statusCode返回正确，用户名错误无法登录逻辑正确------》 0
Thu, 23 Apr 2020 11:42:23-test_case.test_login-test_login.py-[line:89]-INFO-[日志信息]: statusCode返回正确，密码错误无法登录逻辑正确------》 0
Thu, 23 Apr 2020 11:42:26-test_case.test_login-test_login.py-[line:35]-INFO-[日志信息]: statusCode返回正确------》 2
Thu, 23 Apr 2020 11:42:26-test_case.test_login_getVar-test_login_getVar.py-[line:60]-INFO-[日志信息]: statusCode返回正确------》 0
Thu, 23 Apr 2020 11:42:26-__main__-run_all_case.py-[line:22]-INFO-[日志信息]: 脚本执行完成
Thu, 23 Apr 2020 11:42:26-__main__-run_all_case.py-[line:28]-INFO-[日志信息]: 开始执行报告生成
Thu, 23 Apr 2020 11:42:31-__main__-run_all_case.py-[line:30]-INFO-[日志信息]: 报告生成完毕
